<?xml version="1.0" encoding="utf-8"?>
<test-run id="2" name="readonly-bytes.dll" fullname="C:/Users/user/OneDrive/Desktop/Прога C#/Уроки/readonly-bytes/bin/Debug/net6.0/readonly-bytes.dll" testcasecount="14" result="Passed" start-time="2023-02-28T19:51:36.5337781Z" end-time="2023-02-28T19:51:36.8453634Z" duration="0.311556" total="14" passed="14" failed="0" inconclusive="0" skipped="0" warnings="0" asserts="100035" random-seed="609547615">
  <command-line><![CDATA["C:\Users\user\OneDrive\Desktop\Прога C#\Уроки\readonly-bytes\bin\Debug\net6.0\readonly-bytes.dll"]]></command-line>
  <filter />
  <test-suite type="Assembly" id="1016" name="readonly-bytes.dll" fullname="C:/Users/user/OneDrive/Desktop/Прога C#/Уроки/readonly-bytes/bin/Debug/net6.0/readonly-bytes.dll" runstate="Runnable" testcasecount="14" result="Passed" start-time="2023-02-28T19:51:36.5337781Z" end-time="2023-02-28T19:51:36.8453634Z" duration="0.311556" total="14" passed="14" failed="0" warnings="0" inconclusive="0" skipped="0" asserts="100035">
    <environment framework-version="3.13.3.0" clr-version="6.0.8" os-version="Microsoft Windows 10.0.19044" platform="Win32NT" cwd="C:\Users\user\OneDrive\Desktop\Прога C#\Уроки\readonly-bytes\bin\Debug\net6.0" machine-name="LAPTOP-8TVMJ0TV" user="user" user-domain="LAPTOP-8TVMJ0TV" culture="ru-RU" uiculture="ru-RU" os-architecture="x64" />
    <settings>
      <setting name="WorkDirectory" value="C:\Users\user\OneDrive\Desktop\Прога C#\Уроки\readonly-bytes\bin\Debug\net6.0" />
      <setting name="NumberOfTestWorkers" value="12" />
    </settings>
    <properties>
      <property name="_PID" value="25328" />
      <property name="_APPDOMAIN" value="readonly-bytes" />
    </properties>
    <test-suite type="TestSuite" id="1017" name="hashes" fullname="hashes" runstate="Runnable" testcasecount="14" result="Passed" start-time="2023-02-28T19:51:36.5377374Z" end-time="2023-02-28T19:51:36.8453579Z" duration="0.307620" total="14" passed="14" failed="0" warnings="0" inconclusive="0" skipped="0" asserts="100035">
      <test-suite type="TestFixture" id="1000" name="ReadonlyBytesTests" fullname="hashes.ReadonlyBytesTests" classname="hashes.ReadonlyBytesTests" runstate="Runnable" testcasecount="14" result="Passed" start-time="2023-02-28T19:51:36.5388825Z" end-time="2023-02-28T19:51:36.8453400Z" duration="0.306458" total="14" passed="14" failed="0" warnings="0" inconclusive="0" skipped="0" asserts="100035">
        <test-case id="1001" name="Creation" fullname="hashes.ReadonlyBytesTests.Creation" methodname="Creation" classname="hashes.ReadonlyBytesTests" runstate="Runnable" seed="1397645066" result="Passed" start-time="2023-02-28T19:51:36.5405242Z" end-time="2023-02-28T19:51:36.5432403Z" duration="0.002778" asserts="0" />
        <test-case id="1002" name="CreationException" fullname="hashes.ReadonlyBytesTests.CreationException" methodname="CreationException" classname="hashes.ReadonlyBytesTests" runstate="Runnable" seed="1424394161" result="Passed" start-time="2023-02-28T19:51:36.5445980Z" end-time="2023-02-28T19:51:36.5873375Z" duration="0.042740" asserts="1" />
        <test-case id="1006" name="Enumeration" fullname="hashes.ReadonlyBytesTests.Enumeration" methodname="Enumeration" classname="hashes.ReadonlyBytesTests" runstate="Runnable" seed="1002191589" result="Passed" start-time="2023-02-28T19:51:36.5873703Z" end-time="2023-02-28T19:51:36.5957779Z" duration="0.008408" asserts="1" />
        <test-case id="1007" name="EqualOnSameBytes" fullname="hashes.ReadonlyBytesTests.EqualOnSameBytes" methodname="EqualOnSameBytes" classname="hashes.ReadonlyBytesTests" runstate="Runnable" seed="1776138866" result="Passed" start-time="2023-02-28T19:51:36.5958133Z" end-time="2023-02-28T19:51:36.5969414Z" duration="0.001129" asserts="4" />
        <test-case id="1013" name="HashCode" fullname="hashes.ReadonlyBytesTests.HashCode" methodname="HashCode" classname="hashes.ReadonlyBytesTests" runstate="Runnable" seed="239677131" result="Passed" start-time="2023-02-28T19:51:36.5969716Z" end-time="2023-02-28T19:51:36.5998617Z" duration="0.002891" asserts="8" />
        <test-case id="1004" name="Indexer" fullname="hashes.ReadonlyBytesTests.Indexer" methodname="Indexer" classname="hashes.ReadonlyBytesTests" runstate="Runnable" seed="281817100" result="Passed" start-time="2023-02-28T19:51:36.5998868Z" end-time="2023-02-28T19:51:36.6000358Z" duration="0.000149" asserts="3" />
        <test-case id="1005" name="IndexOutOfRangeException" fullname="hashes.ReadonlyBytesTests.IndexOutOfRangeException" methodname="IndexOutOfRangeException" classname="hashes.ReadonlyBytesTests" runstate="Runnable" seed="2089941697" result="Passed" start-time="2023-02-28T19:51:36.6000450Z" end-time="2023-02-28T19:51:36.6151020Z" duration="0.015058" asserts="1" />
        <test-case id="1003" name="Length" fullname="hashes.ReadonlyBytesTests.Length" methodname="Length" classname="hashes.ReadonlyBytesTests" runstate="Runnable" seed="985031885" result="Passed" start-time="2023-02-28T19:51:36.6151261Z" end-time="2023-02-28T19:51:36.6153444Z" duration="0.000218" asserts="1" />
        <test-case id="1015" name="MassiveCallToGetHashCodeOfLargeBytesArray" fullname="hashes.ReadonlyBytesTests.MassiveCallToGetHashCodeOfLargeBytesArray" methodname="MassiveCallToGetHashCodeOfLargeBytesArray" classname="hashes.ReadonlyBytesTests" runstate="Runnable" seed="1930414648" result="Passed" start-time="2023-02-28T19:51:36.6153522Z" end-time="2023-02-28T19:51:36.8400131Z" duration="0.224662" asserts="100000" />
        <test-case id="1008" name="NotEqualIfBytesDiffer" fullname="hashes.ReadonlyBytesTests.NotEqualIfBytesDiffer" methodname="NotEqualIfBytesDiffer" classname="hashes.ReadonlyBytesTests" runstate="Runnable" seed="554394710" result="Passed" start-time="2023-02-28T19:51:36.8400819Z" end-time="2023-02-28T19:51:36.8414786Z" duration="0.001397" asserts="4" />
        <test-suite type="ParameterizedMethod" id="1012" name="NotEqualWithOtherTypes" fullname="hashes.ReadonlyBytesTests.NotEqualWithOtherTypes" classname="hashes.ReadonlyBytesTests" runstate="Runnable" testcasecount="3" result="Passed" start-time="2023-02-28T19:51:36.8415188Z" end-time="2023-02-28T19:51:36.8429248Z" duration="0.001406" total="3" passed="3" failed="0" warnings="0" inconclusive="0" skipped="0" asserts="9">
          <test-case id="1009" name="NotEqualWithOtherTypes([])" fullname="hashes.ReadonlyBytesTests.NotEqualWithOtherTypes([])" methodname="NotEqualWithOtherTypes" classname="hashes.ReadonlyBytesTests" runstate="Runnable" seed="167664632" result="Passed" start-time="2023-02-28T19:51:36.8417960Z" end-time="2023-02-28T19:51:36.8419806Z" duration="0.000184" asserts="3" />
          <test-case id="1010" name="NotEqualWithOtherTypes([1, 2, 4])" fullname="hashes.ReadonlyBytesTests.NotEqualWithOtherTypes([1, 2, 4])" methodname="NotEqualWithOtherTypes" classname="hashes.ReadonlyBytesTests" runstate="Runnable" seed="575850987" result="Passed" start-time="2023-02-28T19:51:36.8419948Z" end-time="2023-02-28T19:51:36.8420070Z" duration="0.000012" asserts="3" />
          <test-case id="1011" name="NotEqualWithOtherTypes([byte.MinValue])" fullname="hashes.ReadonlyBytesTests.NotEqualWithOtherTypes([byte.MinValue])" methodname="NotEqualWithOtherTypes" classname="hashes.ReadonlyBytesTests" runstate="Runnable" seed="1925614361" result="Passed" start-time="2023-02-28T19:51:36.8420111Z" end-time="2023-02-28T19:51:36.8420142Z" duration="0.000003" asserts="3" />
        </test-suite>
        <test-case id="1014" name="ToStringIsOverridden" fullname="hashes.ReadonlyBytesTests.ToStringIsOverridden" methodname="ToStringIsOverridden" classname="hashes.ReadonlyBytesTests" runstate="Runnable" seed="444232521" result="Passed" start-time="2023-02-28T19:51:36.8442567Z" end-time="2023-02-28T19:51:36.8451222Z" duration="0.000865" asserts="3" />
      </test-suite>
    </test-suite>
  </test-suite>
</test-run>