<?xml version="1.0" encoding="utf-8"?>
<test-run id="2" name="DiskTree.dll" fullname="C:/Users/user/OneDrive/Desktop/Прога C#/Уроки/DiskTree/bin/Debug/net6.0/DiskTree.dll" testcasecount="5" result="Passed" start-time="2023-05-12T14:09:26.2524887Z" end-time="2023-05-12T14:09:26.2804229Z" duration="0.027904" total="5" passed="5" failed="0" inconclusive="0" skipped="0" warnings="0" asserts="5" random-seed="1274579174">
  <command-line><![CDATA["C:\Users\user\OneDrive\Desktop\Прога C#\Уроки\DiskTree\bin\Debug\net6.0\DiskTree.dll"]]></command-line>
  <filter />
  <test-suite type="Assembly" id="1006" name="DiskTree.dll" fullname="C:/Users/user/OneDrive/Desktop/Прога C#/Уроки/DiskTree/bin/Debug/net6.0/DiskTree.dll" runstate="Runnable" testcasecount="5" result="Passed" start-time="2023-05-12T14:09:26.2524887Z" end-time="2023-05-12T14:09:26.2804229Z" duration="0.027904" total="5" passed="5" failed="0" warnings="0" inconclusive="0" skipped="0" asserts="5">
    <environment framework-version="3.13.3.0" clr-version="6.0.8" os-version="Microsoft Windows 10.0.19044" platform="Win32NT" cwd="C:\Users\user\OneDrive\Desktop\Прога C#\Уроки\DiskTree\bin\Debug\net6.0" machine-name="LAPTOP-8TVMJ0TV" user="user" user-domain="LAPTOP-8TVMJ0TV" culture="ru-RU" uiculture="ru-RU" os-architecture="x64" />
    <settings>
      <setting name="WorkDirectory" value="C:\Users\user\OneDrive\Desktop\Прога C#\Уроки\DiskTree\bin\Debug\net6.0" />
      <setting name="NumberOfTestWorkers" value="12" />
    </settings>
    <properties>
      <property name="_PID" value="36292" />
      <property name="_APPDOMAIN" value="DiskTree" />
    </properties>
    <test-suite type="TestSuite" id="1007" name="DiskTree" fullname="DiskTree" runstate="Runnable" testcasecount="5" result="Passed" start-time="2023-05-12T14:09:26.2580187Z" end-time="2023-05-12T14:09:26.2804158Z" duration="0.022397" total="5" passed="5" failed="0" warnings="0" inconclusive="0" skipped="0" asserts="5">
      <test-suite type="TestFixture" id="1000" name="DiskTreeTask_should" fullname="DiskTree.DiskTreeTask_should" classname="DiskTree.DiskTreeTask_should" runstate="Runnable" testcasecount="5" result="Passed" start-time="2023-05-12T14:09:26.2604680Z" end-time="2023-05-12T14:09:26.2801924Z" duration="0.019724" total="5" passed="5" failed="0" warnings="0" inconclusive="0" skipped="0" asserts="5">
        <test-case id="1001" name="Test1" fullname="DiskTree.DiskTreeTask_should.Test1" methodname="Test1" classname="DiskTree.DiskTreeTask_should" runstate="Runnable" seed="516388499" result="Passed" start-time="2023-05-12T14:09:26.2634767Z" end-time="2023-05-12T14:09:26.2773964Z" duration="0.013986" asserts="1" />
        <test-case id="1002" name="Test2" fullname="DiskTree.DiskTreeTask_should.Test2" methodname="Test2" classname="DiskTree.DiskTreeTask_should" runstate="Runnable" seed="2017401929" result="Passed" start-time="2023-05-12T14:09:26.2786894Z" end-time="2023-05-12T14:09:26.2788350Z" duration="0.000146" asserts="1" />
        <test-case id="1003" name="Test3" fullname="DiskTree.DiskTreeTask_should.Test3" methodname="Test3" classname="DiskTree.DiskTreeTask_should" runstate="Runnable" seed="1142742979" result="Passed" start-time="2023-05-12T14:09:26.2788484Z" end-time="2023-05-12T14:09:26.2789912Z" duration="0.000143" asserts="1" />
        <test-case id="1004" name="Test4" fullname="DiskTree.DiskTreeTask_should.Test4" methodname="Test4" classname="DiskTree.DiskTreeTask_should" runstate="Runnable" seed="1393740612" result="Passed" start-time="2023-05-12T14:09:26.2790024Z" end-time="2023-05-12T14:09:26.2791583Z" duration="0.000156" asserts="1" />
        <test-case id="1005" name="Test5" fullname="DiskTree.DiskTreeTask_should.Test5" methodname="Test5" classname="DiskTree.DiskTreeTask_should" runstate="Runnable" seed="1958050732" result="Passed" start-time="2023-05-12T14:09:26.2791678Z" end-time="2023-05-12T14:09:26.2794650Z" duration="0.000297" asserts="1" />
      </test-suite>
    </test-suite>
  </test-suite>
</test-run>