<?xml version="1.0" encoding="utf-8"?>
<test-run id="2" name="Incapsulation.RationalNumbers.exe" fullname="C:/Users/user/OneDrive/Desktop/Прога C#/Самостоятельно/Incapsulation.RationalNumbers.csproj/bin/Debug/Incapsulation.RationalNumbers.exe" testcasecount="48" result="Passed" start-time="2024-01-03 14:08:23Z" end-time="2024-01-03 14:08:25Z" duration="1.727034" total="48" passed="48" failed="0" inconclusive="0" skipped="0" asserts="88" random-seed="816727595">
  <command-line><![CDATA["C:\Users\user\OneDrive\Desktop\Прога C#\Самостоятельно\Incapsulation.RationalNumbers.csproj\bin\Debug\Incapsulation.RationalNumbers.exe" ]]></command-line>
  <filter />
  <test-suite type="Assembly" id="1053" name="Incapsulation.RationalNumbers.exe" fullname="C:/Users/user/OneDrive/Desktop/Прога C#/Самостоятельно/Incapsulation.RationalNumbers.csproj/bin/Debug/Incapsulation.RationalNumbers.exe" runstate="Runnable" testcasecount="48" result="Passed" start-time="2024-01-03 14:08:23Z" end-time="2024-01-03 14:08:25Z" duration="1.727034" total="48" passed="48" failed="0" warnings="0" inconclusive="0" skipped="0" asserts="88">
    <environment framework-version="3.6.0.0" clr-version="4.0.30319.42000" os-version="Microsoft Windows NT 6.2.9200.0" platform="Win32NT" cwd="C:\Users\user\OneDrive\Desktop\Прога C#\Самостоятельно\Incapsulation.RationalNumbers.csproj\bin\Debug" machine-name="LAPTOP-8TVMJ0TV" user="user" user-domain="LAPTOP-8TVMJ0TV" culture="ru-RU" uiculture="ru-RU" os-architecture="x86" />
    <settings>
      <setting name="WorkDirectory" value="C:\Users\user\OneDrive\Desktop\Прога C#\Самостоятельно\Incapsulation.RationalNumbers.csproj\bin\Debug" />
      <setting name="NumberOfTestWorkers" value="12" />
    </settings>
    <properties>
      <property name="_PID" value="3720" />
      <property name="_APPDOMAIN" value="Incapsulation.RationalNumbers.exe" />
    </properties>
    <test-suite type="TestSuite" id="1054" name="Incapsulation" fullname="Incapsulation" runstate="Runnable" testcasecount="48" result="Passed" start-time="2024-01-03 14:08:23Z" end-time="2024-01-03 14:08:25Z" duration="1.697571" total="48" passed="48" failed="0" warnings="0" inconclusive="0" skipped="0" asserts="88">
      <test-suite type="TestSuite" id="1055" name="RationalNumbers" fullname="Incapsulation.RationalNumbers" runstate="Runnable" testcasecount="48" result="Passed" start-time="2024-01-03 14:08:23Z" end-time="2024-01-03 14:08:25Z" duration="1.666489" total="48" passed="48" failed="0" warnings="0" inconclusive="0" skipped="0" asserts="88">
        <test-suite type="TestFixture" id="1000" name="Rational_should" fullname="Incapsulation.RationalNumbers.Rational_should" classname="Incapsulation.RationalNumbers.Rational_should" runstate="Runnable" testcasecount="48" result="Passed" start-time="2024-01-03 14:08:23Z" end-time="2024-01-03 14:08:25Z" duration="1.636150" total="48" passed="48" failed="0" warnings="0" inconclusive="0" skipped="0" asserts="88">
          <test-case id="1004" name="BeCorrectWithZeroNumerator" fullname="Incapsulation.RationalNumbers.Rational_should.BeCorrectWithZeroNumerator" methodname="BeCorrectWithZeroNumerator" classname="Incapsulation.RationalNumbers.Rational_should" runstate="Runnable" seed="2054397115" result="Passed" start-time="2024-01-03 14:08:23Z" end-time="2024-01-03 14:08:23Z" duration="0.011931" asserts="3" />
          <test-case id="1032" name="ConvertFromInt" fullname="Incapsulation.RationalNumbers.Rational_should.ConvertFromInt" methodname="ConvertFromInt" classname="Incapsulation.RationalNumbers.Rational_should" runstate="Runnable" seed="967440014" result="Passed" start-time="2024-01-03 14:08:23Z" end-time="2024-01-03 14:08:23Z" duration="0.000668" asserts="3" />
          <test-suite type="ParameterizedMethod" id="1031" name="ConvertToDouble" fullname="Incapsulation.RationalNumbers.Rational_should.ConvertToDouble" classname="Incapsulation.RationalNumbers.Rational_should" runstate="Runnable" testcasecount="6" result="Passed" start-time="2024-01-03 14:08:23Z" end-time="2024-01-03 14:08:23Z" duration="0.186659" total="6" passed="6" failed="0" warnings="0" inconclusive="0" skipped="0" asserts="6">
            <test-case id="1025" name="ConvertToDouble(1,2,0.5d)" fullname="Incapsulation.RationalNumbers.Rational_should.ConvertToDouble(1,2,0.5d)" methodname="ConvertToDouble" classname="Incapsulation.RationalNumbers.Rational_should" runstate="Runnable" seed="1214600505" result="Passed" start-time="2024-01-03 14:08:23Z" end-time="2024-01-03 14:08:23Z" duration="0.002084" asserts="1" />
            <test-case id="1026" name="ConvertToDouble(10,5,2.0d)" fullname="Incapsulation.RationalNumbers.Rational_should.ConvertToDouble(10,5,2.0d)" methodname="ConvertToDouble" classname="Incapsulation.RationalNumbers.Rational_should" runstate="Runnable" seed="561221135" result="Passed" start-time="2024-01-03 14:08:23Z" end-time="2024-01-03 14:08:23Z" duration="0.000223" asserts="1" />
            <test-case id="1027" name="ConvertToDouble(-1,5,-0.2d)" fullname="Incapsulation.RationalNumbers.Rational_should.ConvertToDouble(-1,5,-0.2d)" methodname="ConvertToDouble" classname="Incapsulation.RationalNumbers.Rational_should" runstate="Runnable" seed="541963876" result="Passed" start-time="2024-01-03 14:08:23Z" end-time="2024-01-03 14:08:23Z" duration="0.000169" asserts="1" />
            <test-case id="1028" name="ConvertToDouble(10,0,double.NaN)" fullname="Incapsulation.RationalNumbers.Rational_should.ConvertToDouble(10,0,double.NaN)" methodname="ConvertToDouble" classname="Incapsulation.RationalNumbers.Rational_should" runstate="Runnable" seed="1993409134" result="Passed" start-time="2024-01-03 14:08:23Z" end-time="2024-01-03 14:08:23Z" duration="0.000112" asserts="1" />
            <test-case id="1029" name="ConvertToDouble(-10,0,double.NaN)" fullname="Incapsulation.RationalNumbers.Rational_should.ConvertToDouble(-10,0,double.NaN)" methodname="ConvertToDouble" classname="Incapsulation.RationalNumbers.Rational_should" runstate="Runnable" seed="435957290" result="Passed" start-time="2024-01-03 14:08:23Z" end-time="2024-01-03 14:08:23Z" duration="0.000114" asserts="1" />
            <test-case id="1030" name="ConvertToDouble(0,0,double.NaN)" fullname="Incapsulation.RationalNumbers.Rational_should.ConvertToDouble(0,0,double.NaN)" methodname="ConvertToDouble" classname="Incapsulation.RationalNumbers.Rational_should" runstate="Runnable" seed="931470267" result="Passed" start-time="2024-01-03 14:08:23Z" end-time="2024-01-03 14:08:23Z" duration="0.000145" asserts="1" />
          </test-suite>
          <test-case id="1022" name="Divide" fullname="Incapsulation.RationalNumbers.Rational_should.Divide" methodname="Divide" classname="Incapsulation.RationalNumbers.Rational_should" runstate="Runnable" seed="868618668" result="Passed" start-time="2024-01-03 14:08:23Z" end-time="2024-01-03 14:08:23Z" duration="0.000555" asserts="3" />
          <test-case id="1024" name="DivideToZero" fullname="Incapsulation.RationalNumbers.Rational_should.DivideToZero" methodname="DivideToZero" classname="Incapsulation.RationalNumbers.Rational_should" runstate="Runnable" seed="639531348" result="Passed" start-time="2024-01-03 14:08:23Z" end-time="2024-01-03 14:08:23Z" duration="0.001494" asserts="1" />
          <test-case id="1023" name="DivideWithNan" fullname="Incapsulation.RationalNumbers.Rational_should.DivideWithNan" methodname="DivideWithNan" classname="Incapsulation.RationalNumbers.Rational_should" runstate="Runnable" seed="1626728455" result="Passed" start-time="2024-01-03 14:08:23Z" end-time="2024-01-03 14:08:23Z" duration="0.000235" asserts="2" />
          <test-suite type="ParameterizedMethod" id="1045" name="ExplicitlyConvertToInt" fullname="Incapsulation.RationalNumbers.Rational_should.ExplicitlyConvertToInt" classname="Incapsulation.RationalNumbers.Rational_should" runstate="Runnable" testcasecount="12" result="Passed" start-time="2024-01-03 14:08:23Z" end-time="2024-01-03 14:08:24Z" duration="0.378107" total="12" passed="12" failed="0" warnings="0" inconclusive="0" skipped="0" asserts="12">
            <test-case id="1033" name="ExplicitlyConvertToInt(0,1,0)" fullname="Incapsulation.RationalNumbers.Rational_should.ExplicitlyConvertToInt(0,1,0)" methodname="ExplicitlyConvertToInt" classname="Incapsulation.RationalNumbers.Rational_should" runstate="Runnable" seed="2126051132" result="Passed" start-time="2024-01-03 14:08:23Z" end-time="2024-01-03 14:08:23Z" duration="0.000422" asserts="1" />
            <test-case id="1034" name="ExplicitlyConvertToInt(1,1,1)" fullname="Incapsulation.RationalNumbers.Rational_should.ExplicitlyConvertToInt(1,1,1)" methodname="ExplicitlyConvertToInt" classname="Incapsulation.RationalNumbers.Rational_should" runstate="Runnable" seed="2116952370" result="Passed" start-time="2024-01-03 14:08:23Z" end-time="2024-01-03 14:08:23Z" duration="0.000133" asserts="1" />
            <test-case id="1035" name="ExplicitlyConvertToInt(2,1,2)" fullname="Incapsulation.RationalNumbers.Rational_should.ExplicitlyConvertToInt(2,1,2)" methodname="ExplicitlyConvertToInt" classname="Incapsulation.RationalNumbers.Rational_should" runstate="Runnable" seed="1129585508" result="Passed" start-time="2024-01-03 14:08:23Z" end-time="2024-01-03 14:08:23Z" duration="0.000113" asserts="1" />
            <test-case id="1036" name="ExplicitlyConvertToInt(3,1,3)" fullname="Incapsulation.RationalNumbers.Rational_should.ExplicitlyConvertToInt(3,1,3)" methodname="ExplicitlyConvertToInt" classname="Incapsulation.RationalNumbers.Rational_should" runstate="Runnable" seed="55571338" result="Passed" start-time="2024-01-03 14:08:24Z" end-time="2024-01-03 14:08:24Z" duration="0.000154" asserts="1" />
            <test-case id="1037" name="ExplicitlyConvertToInt(2,2,1)" fullname="Incapsulation.RationalNumbers.Rational_should.ExplicitlyConvertToInt(2,2,1)" methodname="ExplicitlyConvertToInt" classname="Incapsulation.RationalNumbers.Rational_should" runstate="Runnable" seed="63167738" result="Passed" start-time="2024-01-03 14:08:24Z" end-time="2024-01-03 14:08:24Z" duration="0.000153" asserts="1" />
            <test-case id="1038" name="ExplicitlyConvertToInt(6,3,2)" fullname="Incapsulation.RationalNumbers.Rational_should.ExplicitlyConvertToInt(6,3,2)" methodname="ExplicitlyConvertToInt" classname="Incapsulation.RationalNumbers.Rational_should" runstate="Runnable" seed="1214499875" result="Passed" start-time="2024-01-03 14:08:24Z" end-time="2024-01-03 14:08:24Z" duration="0.000221" asserts="1" />
            <test-case id="1039" name="ExplicitlyConvertToInt(12,2,6)" fullname="Incapsulation.RationalNumbers.Rational_should.ExplicitlyConvertToInt(12,2,6)" methodname="ExplicitlyConvertToInt" classname="Incapsulation.RationalNumbers.Rational_should" runstate="Runnable" seed="853043588" result="Passed" start-time="2024-01-03 14:08:24Z" end-time="2024-01-03 14:08:24Z" duration="0.000126" asserts="1" />
            <test-case id="1040" name="ExplicitlyConvertToInt(12,3,4)" fullname="Incapsulation.RationalNumbers.Rational_should.ExplicitlyConvertToInt(12,3,4)" methodname="ExplicitlyConvertToInt" classname="Incapsulation.RationalNumbers.Rational_should" runstate="Runnable" seed="2037525662" result="Passed" start-time="2024-01-03 14:08:24Z" end-time="2024-01-03 14:08:24Z" duration="0.000192" asserts="1" />
            <test-case id="1041" name="ExplicitlyConvertToInt(12,4,3)" fullname="Incapsulation.RationalNumbers.Rational_should.ExplicitlyConvertToInt(12,4,3)" methodname="ExplicitlyConvertToInt" classname="Incapsulation.RationalNumbers.Rational_should" runstate="Runnable" seed="799859960" result="Passed" start-time="2024-01-03 14:08:24Z" end-time="2024-01-03 14:08:24Z" duration="0.000131" asserts="1" />
            <test-case id="1042" name="ExplicitlyConvertToInt(12,6,2)" fullname="Incapsulation.RationalNumbers.Rational_should.ExplicitlyConvertToInt(12,6,2)" methodname="ExplicitlyConvertToInt" classname="Incapsulation.RationalNumbers.Rational_should" runstate="Runnable" seed="218156931" result="Passed" start-time="2024-01-03 14:08:24Z" end-time="2024-01-03 14:08:24Z" duration="0.000256" asserts="1" />
            <test-case id="1043" name="ExplicitlyConvertToInt(12,12,1)" fullname="Incapsulation.RationalNumbers.Rational_should.ExplicitlyConvertToInt(12,12,1)" methodname="ExplicitlyConvertToInt" classname="Incapsulation.RationalNumbers.Rational_should" runstate="Runnable" seed="497175461" result="Passed" start-time="2024-01-03 14:08:24Z" end-time="2024-01-03 14:08:24Z" duration="0.000152" asserts="1" />
            <test-case id="1044" name="ExplicitlyConvertToInt(1000,1,1000)" fullname="Incapsulation.RationalNumbers.Rational_should.ExplicitlyConvertToInt(1000,1,1000)" methodname="ExplicitlyConvertToInt" classname="Incapsulation.RationalNumbers.Rational_should" runstate="Runnable" seed="1415134353" result="Passed" start-time="2024-01-03 14:08:24Z" end-time="2024-01-03 14:08:24Z" duration="0.000203" asserts="1" />
          </test-suite>
          <test-suite type="ParameterizedMethod" id="1052" name="ExplicitlyConvertToIntAndFailsIfNonConvertible" fullname="Incapsulation.RationalNumbers.Rational_should.ExplicitlyConvertToIntAndFailsIfNonConvertible" classname="Incapsulation.RationalNumbers.Rational_should" runstate="Runnable" testcasecount="6" result="Passed" start-time="2024-01-03 14:08:24Z" end-time="2024-01-03 14:08:24Z" duration="0.203623" total="6" passed="6" failed="0" warnings="0" inconclusive="0" skipped="0" asserts="6">
            <test-case id="1046" name="ExplicitlyConvertToIntAndFailsIfNonConvertible(1,2)" fullname="Incapsulation.RationalNumbers.Rational_should.ExplicitlyConvertToIntAndFailsIfNonConvertible(1,2)" methodname="ExplicitlyConvertToIntAndFailsIfNonConvertible" classname="Incapsulation.RationalNumbers.Rational_should" runstate="Runnable" seed="1181186034" result="Passed" start-time="2024-01-03 14:08:24Z" end-time="2024-01-03 14:08:24Z" duration="0.022928" asserts="1" />
            <test-case id="1047" name="ExplicitlyConvertToIntAndFailsIfNonConvertible(12,5)" fullname="Incapsulation.RationalNumbers.Rational_should.ExplicitlyConvertToIntAndFailsIfNonConvertible(12,5)" methodname="ExplicitlyConvertToIntAndFailsIfNonConvertible" classname="Incapsulation.RationalNumbers.Rational_should" runstate="Runnable" seed="2117992561" result="Passed" start-time="2024-01-03 14:08:24Z" end-time="2024-01-03 14:08:24Z" duration="0.010520" asserts="1" />
            <test-case id="1048" name="ExplicitlyConvertToIntAndFailsIfNonConvertible(12,10)" fullname="Incapsulation.RationalNumbers.Rational_should.ExplicitlyConvertToIntAndFailsIfNonConvertible(12,10)" methodname="ExplicitlyConvertToIntAndFailsIfNonConvertible" classname="Incapsulation.RationalNumbers.Rational_should" runstate="Runnable" seed="742642030" result="Passed" start-time="2024-01-03 14:08:24Z" end-time="2024-01-03 14:08:24Z" duration="0.008943" asserts="1" />
            <test-case id="1049" name="ExplicitlyConvertToIntAndFailsIfNonConvertible(25,8)" fullname="Incapsulation.RationalNumbers.Rational_should.ExplicitlyConvertToIntAndFailsIfNonConvertible(25,8)" methodname="ExplicitlyConvertToIntAndFailsIfNonConvertible" classname="Incapsulation.RationalNumbers.Rational_should" runstate="Runnable" seed="1410169289" result="Passed" start-time="2024-01-03 14:08:24Z" end-time="2024-01-03 14:08:24Z" duration="0.011206" asserts="1" />
            <test-case id="1050" name="ExplicitlyConvertToIntAndFailsIfNonConvertible(2,3)" fullname="Incapsulation.RationalNumbers.Rational_should.ExplicitlyConvertToIntAndFailsIfNonConvertible(2,3)" methodname="ExplicitlyConvertToIntAndFailsIfNonConvertible" classname="Incapsulation.RationalNumbers.Rational_should" runstate="Runnable" seed="1364152112" result="Passed" start-time="2024-01-03 14:08:24Z" end-time="2024-01-03 14:08:24Z" duration="0.008615" asserts="1" />
            <test-case id="1051" name="ExplicitlyConvertToIntAndFailsIfNonConvertible(2,4)" fullname="Incapsulation.RationalNumbers.Rational_should.ExplicitlyConvertToIntAndFailsIfNonConvertible(2,4)" methodname="ExplicitlyConvertToIntAndFailsIfNonConvertible" classname="Incapsulation.RationalNumbers.Rational_should" runstate="Runnable" seed="1979475016" result="Passed" start-time="2024-01-03 14:08:24Z" end-time="2024-01-03 14:08:24Z" duration="0.007956" asserts="1" />
          </test-suite>
          <test-suite type="ParameterizedMethod" id="1015" name="InitializeAndReduce1" fullname="Incapsulation.RationalNumbers.Rational_should.InitializeAndReduce1" classname="Incapsulation.RationalNumbers.Rational_should" runstate="Runnable" testcasecount="10" result="Passed" start-time="2024-01-03 14:08:24Z" end-time="2024-01-03 14:08:24Z" duration="0.312545" total="10" passed="10" failed="0" warnings="0" inconclusive="0" skipped="0" asserts="30">
            <test-case id="1005" name="InitializeAndReduce1(1,2,2,4)" fullname="Incapsulation.RationalNumbers.Rational_should.InitializeAndReduce1(1,2,2,4)" methodname="InitializeAndReduce1" classname="Incapsulation.RationalNumbers.Rational_should" runstate="Runnable" seed="1297727285" result="Passed" start-time="2024-01-03 14:08:24Z" end-time="2024-01-03 14:08:24Z" duration="0.000286" asserts="3" />
            <test-case id="1006" name="InitializeAndReduce1(-1,2,-2,4)" fullname="Incapsulation.RationalNumbers.Rational_should.InitializeAndReduce1(-1,2,-2,4)" methodname="InitializeAndReduce1" classname="Incapsulation.RationalNumbers.Rational_should" runstate="Runnable" seed="248304688" result="Passed" start-time="2024-01-03 14:08:24Z" end-time="2024-01-03 14:08:24Z" duration="0.000201" asserts="3" />
            <test-case id="1007" name="InitializeAndReduce1(-1,2,2,-4)" fullname="Incapsulation.RationalNumbers.Rational_should.InitializeAndReduce1(-1,2,2,-4)" methodname="InitializeAndReduce1" classname="Incapsulation.RationalNumbers.Rational_should" runstate="Runnable" seed="1523811427" result="Passed" start-time="2024-01-03 14:08:24Z" end-time="2024-01-03 14:08:24Z" duration="0.000145" asserts="3" />
            <test-case id="1008" name="InitializeAndReduce1(1,2,-2,-4)" fullname="Incapsulation.RationalNumbers.Rational_should.InitializeAndReduce1(1,2,-2,-4)" methodname="InitializeAndReduce1" classname="Incapsulation.RationalNumbers.Rational_should" runstate="Runnable" seed="1647729344" result="Passed" start-time="2024-01-03 14:08:24Z" end-time="2024-01-03 14:08:24Z" duration="0.000221" asserts="3" />
            <test-case id="1009" name="InitializeAndReduce1(1,2,1,2)" fullname="Incapsulation.RationalNumbers.Rational_should.InitializeAndReduce1(1,2,1,2)" methodname="InitializeAndReduce1" classname="Incapsulation.RationalNumbers.Rational_should" runstate="Runnable" seed="1754757072" result="Passed" start-time="2024-01-03 14:08:24Z" end-time="2024-01-03 14:08:24Z" duration="0.000140" asserts="3" />
            <test-case id="1010" name="InitializeAndReduce1(1,2,8,16)" fullname="Incapsulation.RationalNumbers.Rational_should.InitializeAndReduce1(1,2,8,16)" methodname="InitializeAndReduce1" classname="Incapsulation.RationalNumbers.Rational_should" runstate="Runnable" seed="1602078619" result="Passed" start-time="2024-01-03 14:08:24Z" end-time="2024-01-03 14:08:24Z" duration="0.000160" asserts="3" />
            <test-case id="1011" name="InitializeAndReduce1(2,3,10,15)" fullname="Incapsulation.RationalNumbers.Rational_should.InitializeAndReduce1(2,3,10,15)" methodname="InitializeAndReduce1" classname="Incapsulation.RationalNumbers.Rational_should" runstate="Runnable" seed="51841878" result="Passed" start-time="2024-01-03 14:08:24Z" end-time="2024-01-03 14:08:24Z" duration="0.000127" asserts="3" />
            <test-case id="1012" name="InitializeAndReduce1(4,7,16,28)" fullname="Incapsulation.RationalNumbers.Rational_should.InitializeAndReduce1(4,7,16,28)" methodname="InitializeAndReduce1" classname="Incapsulation.RationalNumbers.Rational_should" runstate="Runnable" seed="1506026238" result="Passed" start-time="2024-01-03 14:08:24Z" end-time="2024-01-03 14:08:24Z" duration="0.000263" asserts="3" />
            <test-case id="1013" name="InitializeAndReduce1(3,256,12,1024)" fullname="Incapsulation.RationalNumbers.Rational_should.InitializeAndReduce1(3,256,12,1024)" methodname="InitializeAndReduce1" classname="Incapsulation.RationalNumbers.Rational_should" runstate="Runnable" seed="2107390863" result="Passed" start-time="2024-01-03 14:08:24Z" end-time="2024-01-03 14:08:24Z" duration="0.000146" asserts="3" />
            <test-case id="1014" name="InitializeAndReduce1(1,1,1,1)" fullname="Incapsulation.RationalNumbers.Rational_should.InitializeAndReduce1(1,1,1,1)" methodname="InitializeAndReduce1" classname="Incapsulation.RationalNumbers.Rational_should" runstate="Runnable" seed="1595875701" result="Passed" start-time="2024-01-03 14:08:24Z" end-time="2024-01-03 14:08:24Z" duration="0.000184" asserts="3" />
          </test-suite>
          <test-case id="1001" name="InitializeSimpleRatioCorrectly" fullname="Incapsulation.RationalNumbers.Rational_should.InitializeSimpleRatioCorrectly" methodname="InitializeSimpleRatioCorrectly" classname="Incapsulation.RationalNumbers.Rational_should" runstate="Runnable" seed="1669211528" result="Passed" start-time="2024-01-03 14:08:24Z" end-time="2024-01-03 14:08:24Z" duration="0.000218" asserts="3" />
          <test-case id="1002" name="InitializeWithoutDenominator" fullname="Incapsulation.RationalNumbers.Rational_should.InitializeWithoutDenominator" methodname="InitializeWithoutDenominator" classname="Incapsulation.RationalNumbers.Rational_should" runstate="Runnable" seed="675811503" result="Passed" start-time="2024-01-03 14:08:24Z" end-time="2024-01-03 14:08:24Z" duration="0.000231" asserts="3" />
          <test-case id="1003" name="InitializeWithZeroDenominator" fullname="Incapsulation.RationalNumbers.Rational_should.InitializeWithZeroDenominator" methodname="InitializeWithZeroDenominator" classname="Incapsulation.RationalNumbers.Rational_should" runstate="Runnable" seed="1547638325" result="Passed" start-time="2024-01-03 14:08:24Z" end-time="2024-01-03 14:08:24Z" duration="0.000386" asserts="1" />
          <test-case id="1020" name="Multiply" fullname="Incapsulation.RationalNumbers.Rational_should.Multiply" methodname="Multiply" classname="Incapsulation.RationalNumbers.Rational_should" runstate="Runnable" seed="1555866086" result="Passed" start-time="2024-01-03 14:08:24Z" end-time="2024-01-03 14:08:24Z" duration="0.000323" asserts="3" />
          <test-case id="1021" name="MultiplyWithNan" fullname="Incapsulation.RationalNumbers.Rational_should.MultiplyWithNan" methodname="MultiplyWithNan" classname="Incapsulation.RationalNumbers.Rational_should" runstate="Runnable" seed="1778479412" result="Passed" start-time="2024-01-03 14:08:25Z" end-time="2024-01-03 14:08:25Z" duration="0.000546" asserts="2" />
          <test-case id="1018" name="Subtract" fullname="Incapsulation.RationalNumbers.Rational_should.Subtract" methodname="Subtract" classname="Incapsulation.RationalNumbers.Rational_should" runstate="Runnable" seed="1220357953" result="Passed" start-time="2024-01-03 14:08:25Z" end-time="2024-01-03 14:08:25Z" duration="0.000625" asserts="3" />
          <test-case id="1019" name="SubtractWithNan" fullname="Incapsulation.RationalNumbers.Rational_should.SubtractWithNan" methodname="SubtractWithNan" classname="Incapsulation.RationalNumbers.Rational_should" runstate="Runnable" seed="1701594157" result="Passed" start-time="2024-01-03 14:08:25Z" end-time="2024-01-03 14:08:25Z" duration="0.000252" asserts="2" />
          <test-case id="1016" name="Sum" fullname="Incapsulation.RationalNumbers.Rational_should.Sum" methodname="Sum" classname="Incapsulation.RationalNumbers.Rational_should" runstate="Runnable" seed="1366529215" result="Passed" start-time="2024-01-03 14:08:25Z" end-time="2024-01-03 14:08:25Z" duration="0.000692" asserts="3" />
          <test-case id="1017" name="SumWithNan" fullname="Incapsulation.RationalNumbers.Rational_should.SumWithNan" methodname="SumWithNan" classname="Incapsulation.RationalNumbers.Rational_should" runstate="Runnable" seed="1088534863" result="Passed" start-time="2024-01-03 14:08:25Z" end-time="2024-01-03 14:08:25Z" duration="0.000423" asserts="2" />
        </test-suite>
      </test-suite>
    </test-suite>
  </test-suite>
</test-run>