<?xml version="1.0" encoding="utf-8"?>
<test-run id="2" name="GaussAlgorithm.dll" fullname="C:/Users/user/OneDrive/Desktop/Прога C#/Уроки/GaussAlgorithm/bin/Debug/net6.0/GaussAlgorithm.dll" testcasecount="37" result="Passed" start-time="2023-03-29T19:10:30.7108353Z" end-time="2023-03-29T19:10:31.0882255Z" duration="0.377360" total="37" passed="37" failed="0" inconclusive="0" skipped="0" warnings="0" asserts="13564" random-seed="1509091048">
  <command-line><![CDATA["C:\Users\user\OneDrive\Desktop\Прога C#\Уроки\GaussAlgorithm\bin\Debug\net6.0\GaussAlgorithm.dll"]]></command-line>
  <filter />
  <test-suite type="Assembly" id="1045" name="GaussAlgorithm.dll" fullname="C:/Users/user/OneDrive/Desktop/Прога C#/Уроки/GaussAlgorithm/bin/Debug/net6.0/GaussAlgorithm.dll" runstate="Runnable" testcasecount="37" result="Passed" start-time="2023-03-29T19:10:30.7108353Z" end-time="2023-03-29T19:10:31.0882255Z" duration="0.377360" total="37" passed="37" failed="0" warnings="0" inconclusive="0" skipped="0" asserts="13564">
    <environment framework-version="3.13.3.0" clr-version="6.0.8" os-version="Microsoft Windows 10.0.19044" platform="Win32NT" cwd="C:\Users\user\OneDrive\Desktop\Прога C#\Уроки\GaussAlgorithm\bin\Debug\net6.0" machine-name="LAPTOP-8TVMJ0TV" user="user" user-domain="LAPTOP-8TVMJ0TV" culture="ru-RU" uiculture="ru-RU" os-architecture="x64" />
    <settings>
      <setting name="WorkDirectory" value="C:\Users\user\OneDrive\Desktop\Прога C#\Уроки\GaussAlgorithm\bin\Debug\net6.0" />
      <setting name="NumberOfTestWorkers" value="12" />
    </settings>
    <properties>
      <property name="_PID" value="22264" />
      <property name="_APPDOMAIN" value="GaussAlgorithm" />
    </properties>
    <test-suite type="TestSuite" id="1046" name="GaussAlgorithm" fullname="GaussAlgorithm" runstate="Runnable" testcasecount="37" result="Passed" start-time="2023-03-29T19:10:30.7152932Z" end-time="2023-03-29T19:10:31.0882225Z" duration="0.372929" total="37" passed="37" failed="0" warnings="0" inconclusive="0" skipped="0" asserts="13564">
      <test-suite type="TestFixture" id="1000" name="Solver_Should" fullname="GaussAlgorithm.Solver_Should" classname="GaussAlgorithm.Solver_Should" runstate="Runnable" testcasecount="37" result="Passed" start-time="2023-03-29T19:10:30.7165321Z" end-time="2023-03-29T19:10:31.0882133Z" duration="0.371681" total="37" passed="37" failed="0" warnings="0" inconclusive="0" skipped="0" asserts="13564">
        <test-suite type="ParameterizedMethod" id="1044" name="Solve_WhenHasLinearlyDependentRows" fullname="GaussAlgorithm.Solver_Should.Solve_WhenHasLinearlyDependentRows" classname="GaussAlgorithm.Solver_Should" runstate="Runnable" testcasecount="5" result="Passed" start-time="2023-03-29T19:10:30.7180971Z" end-time="2023-03-29T19:10:30.7479382Z" duration="0.029841" total="5" passed="5" failed="0" warnings="0" inconclusive="0" skipped="0" asserts="24">
          <test-case id="1039" name="Solve_WhenHasLinearlyDependentRows(10)" fullname="GaussAlgorithm.Solver_Should.Solve_WhenHasLinearlyDependentRows(10)" methodname="Solve_WhenHasLinearlyDependentRows" classname="GaussAlgorithm.Solver_Should" runstate="Runnable" seed="81420168" result="Passed" start-time="2023-03-29T19:10:30.7182669Z" end-time="2023-03-29T19:10:30.7454063Z" duration="0.027206" asserts="10" />
          <test-case id="1040" name="Solve_WhenHasLinearlyDependentRows(5)" fullname="GaussAlgorithm.Solver_Should.Solve_WhenHasLinearlyDependentRows(5)" methodname="Solve_WhenHasLinearlyDependentRows" classname="GaussAlgorithm.Solver_Should" runstate="Runnable" seed="1292718000" result="Passed" start-time="2023-03-29T19:10:30.7468146Z" end-time="2023-03-29T19:10:30.7469738Z" duration="0.000159" asserts="5" />
          <test-case id="1041" name="Solve_WhenHasLinearlyDependentRows(4)" fullname="GaussAlgorithm.Solver_Should.Solve_WhenHasLinearlyDependentRows(4)" methodname="Solve_WhenHasLinearlyDependentRows" classname="GaussAlgorithm.Solver_Should" runstate="Runnable" seed="644571984" result="Passed" start-time="2023-03-29T19:10:30.7469904Z" end-time="2023-03-29T19:10:30.7470346Z" duration="0.000044" asserts="4" />
          <test-case id="1042" name="Solve_WhenHasLinearlyDependentRows(3)" fullname="GaussAlgorithm.Solver_Should.Solve_WhenHasLinearlyDependentRows(3)" methodname="Solve_WhenHasLinearlyDependentRows" classname="GaussAlgorithm.Solver_Should" runstate="Runnable" seed="1512016887" result="Passed" start-time="2023-03-29T19:10:30.7470411Z" end-time="2023-03-29T19:10:30.7470686Z" duration="0.000028" asserts="3" />
          <test-case id="1043" name="Solve_WhenHasLinearlyDependentRows(2)" fullname="GaussAlgorithm.Solver_Should.Solve_WhenHasLinearlyDependentRows(2)" methodname="Solve_WhenHasLinearlyDependentRows" classname="GaussAlgorithm.Solver_Should" runstate="Runnable" seed="1836343679" result="Passed" start-time="2023-03-29T19:10:30.7470765Z" end-time="2023-03-29T19:10:30.7471005Z" duration="0.000024" asserts="2" />
        </test-suite>
        <test-suite type="ParameterizedMethod" id="1008" name="SolveCommonCases_1x1" fullname="GaussAlgorithm.Solver_Should.SolveCommonCases_1x1" classname="GaussAlgorithm.Solver_Should" runstate="Runnable" testcasecount="7" result="Passed" start-time="2023-03-29T19:10:30.7485618Z" end-time="2023-03-29T19:10:30.7504665Z" duration="0.001904" total="7" passed="7" failed="0" warnings="0" inconclusive="0" skipped="0" asserts="10">
          <test-case id="1001" name="SolveCommonCases_1x1(1,1,42)" fullname="GaussAlgorithm.Solver_Should.SolveCommonCases_1x1(1,1,42)" methodname="SolveCommonCases_1x1" classname="GaussAlgorithm.Solver_Should" runstate="Runnable" seed="660891634" result="Passed" start-time="2023-03-29T19:10:30.7486078Z" end-time="2023-03-29T19:10:30.7501111Z" duration="0.001504" asserts="1" />
          <test-case id="1002" name="SolveCommonCases_1x1(1,2,-42)" fullname="GaussAlgorithm.Solver_Should.SolveCommonCases_1x1(1,2,-42)" methodname="SolveCommonCases_1x1" classname="GaussAlgorithm.Solver_Should" runstate="Runnable" seed="1008743752" result="Passed" start-time="2023-03-29T19:10:30.7501415Z" end-time="2023-03-29T19:10:30.7502147Z" duration="0.000073" asserts="1" />
          <test-case id="1003" name="SolveCommonCases_1x1(1,-100,0)" fullname="GaussAlgorithm.Solver_Should.SolveCommonCases_1x1(1,-100,0)" methodname="SolveCommonCases_1x1" classname="GaussAlgorithm.Solver_Should" runstate="Runnable" seed="645098363" result="Passed" start-time="2023-03-29T19:10:30.7502270Z" end-time="2023-03-29T19:10:30.7502579Z" duration="0.000031" asserts="1" />
          <test-case id="1004" name="SolveCommonCases_1x1(1,0,0)" fullname="GaussAlgorithm.Solver_Should.SolveCommonCases_1x1(1,0,0)" methodname="SolveCommonCases_1x1" classname="GaussAlgorithm.Solver_Should" runstate="Runnable" seed="717418829" result="Passed" start-time="2023-03-29T19:10:30.7502684Z" end-time="2023-03-29T19:10:30.7502963Z" duration="0.000028" asserts="1" />
          <test-case id="1005" name="SolveCommonCases_1x1(1,1,21,2,42)" fullname="GaussAlgorithm.Solver_Should.SolveCommonCases_1x1(1,1,21,2,42)" methodname="SolveCommonCases_1x1" classname="GaussAlgorithm.Solver_Should" runstate="Runnable" seed="1205599515" result="Passed" start-time="2023-03-29T19:10:30.7503064Z" end-time="2023-03-29T19:10:30.7503389Z" duration="0.000033" asserts="2" />
          <test-case id="1006" name="SolveCommonCases_1x1(1,2,42,1,21)" fullname="GaussAlgorithm.Solver_Should.SolveCommonCases_1x1(1,2,42,1,21)" methodname="SolveCommonCases_1x1" classname="GaussAlgorithm.Solver_Should" runstate="Runnable" seed="1690826297" result="Passed" start-time="2023-03-29T19:10:30.7503493Z" end-time="2023-03-29T19:10:30.7503823Z" duration="0.000033" asserts="2" />
          <test-case id="1007" name="SolveCommonCases_1x1(1,0,0,0,0)" fullname="GaussAlgorithm.Solver_Should.SolveCommonCases_1x1(1,0,0,0,0)" methodname="SolveCommonCases_1x1" classname="GaussAlgorithm.Solver_Should" runstate="Runnable" seed="1559103732" result="Passed" start-time="2023-03-29T19:10:30.7503932Z" end-time="2023-03-29T19:10:30.7504266Z" duration="0.000033" asserts="2" />
        </test-suite>
        <test-suite type="ParameterizedMethod" id="1017" name="SolveCommonCases_2x2" fullname="GaussAlgorithm.Solver_Should.SolveCommonCases_2x2" classname="GaussAlgorithm.Solver_Should" runstate="Runnable" testcasecount="8" result="Passed" start-time="2023-03-29T19:10:30.7504885Z" end-time="2023-03-29T19:10:30.7508662Z" duration="0.000378" total="8" passed="8" failed="0" warnings="0" inconclusive="0" skipped="0" asserts="12">
          <test-case id="1009" name="SolveCommonCases_2x2(2,1,2,42)" fullname="GaussAlgorithm.Solver_Should.SolveCommonCases_2x2(2,1,2,42)" methodname="SolveCommonCases_2x2" classname="GaussAlgorithm.Solver_Should" runstate="Runnable" seed="411790955" result="Passed" start-time="2023-03-29T19:10:30.7505105Z" end-time="2023-03-29T19:10:30.7506862Z" duration="0.000176" asserts="1" />
          <test-case id="1010" name="SolveCommonCases_2x2(2,0,-2,42)" fullname="GaussAlgorithm.Solver_Should.SolveCommonCases_2x2(2,0,-2,42)" methodname="SolveCommonCases_2x2" classname="GaussAlgorithm.Solver_Should" runstate="Runnable" seed="698698155" result="Passed" start-time="2023-03-29T19:10:30.7506963Z" end-time="2023-03-29T19:10:30.7507166Z" duration="0.000020" asserts="1" />
          <test-case id="1011" name="SolveCommonCases_2x2(2,-1,0,42)" fullname="GaussAlgorithm.Solver_Should.SolveCommonCases_2x2(2,-1,0,42)" methodname="SolveCommonCases_2x2" classname="GaussAlgorithm.Solver_Should" runstate="Runnable" seed="899701713" result="Passed" start-time="2023-03-29T19:10:30.7507210Z" end-time="2023-03-29T19:10:30.7507329Z" duration="0.000012" asserts="1" />
          <test-case id="1012" name="SolveCommonCases_2x2(2,0,0,0)" fullname="GaussAlgorithm.Solver_Should.SolveCommonCases_2x2(2,0,0,0)" methodname="SolveCommonCases_2x2" classname="GaussAlgorithm.Solver_Should" runstate="Runnable" seed="28436805" result="Passed" start-time="2023-03-29T19:10:30.7507373Z" end-time="2023-03-29T19:10:30.7507464Z" duration="0.000009" asserts="1" />
          <test-case id="1013" name="SolveCommonCases_2x2(2,1,2,1,3,-1,2)" fullname="GaussAlgorithm.Solver_Should.SolveCommonCases_2x2(2,1,2,1,3,-1,2)" methodname="SolveCommonCases_2x2" classname="GaussAlgorithm.Solver_Should" runstate="Runnable" seed="93753401" result="Passed" start-time="2023-03-29T19:10:30.7507539Z" end-time="2023-03-29T19:10:30.7507868Z" duration="0.000033" asserts="2" />
          <test-case id="1014" name="SolveCommonCases_2x2(2,1,-2,42,2,1,-31)" fullname="GaussAlgorithm.Solver_Should.SolveCommonCases_2x2(2,1,-2,42,2,1,-31)" methodname="SolveCommonCases_2x2" classname="GaussAlgorithm.Solver_Should" runstate="Runnable" seed="1426597438" result="Passed" start-time="2023-03-29T19:10:30.7507956Z" end-time="2023-03-29T19:10:30.7508190Z" duration="0.000023" asserts="2" />
          <test-case id="1015" name="SolveCommonCases_2x2(2,-1,-2,-42,2,4,84)" fullname="GaussAlgorithm.Solver_Should.SolveCommonCases_2x2(2,-1,-2,-42,2,4,84)" methodname="SolveCommonCases_2x2" classname="GaussAlgorithm.Solver_Should" runstate="Runnable" seed="350647825" result="Passed" start-time="2023-03-29T19:10:30.7508236Z" end-time="2023-03-29T19:10:30.7508391Z" duration="0.000016" asserts="2" />
          <test-case id="1016" name="SolveCommonCases_2x2(2,1,2,42,-2,-4,-84)" fullname="GaussAlgorithm.Solver_Should.SolveCommonCases_2x2(2,1,2,42,-2,-4,-84)" methodname="SolveCommonCases_2x2" classname="GaussAlgorithm.Solver_Should" runstate="Runnable" seed="112808759" result="Passed" start-time="2023-03-29T19:10:30.7508432Z" end-time="2023-03-29T19:10:30.7508575Z" duration="0.000014" asserts="2" />
        </test-suite>
        <test-suite type="ParameterizedMethod" id="1021" name="SolveCommonCases_3x3" fullname="GaussAlgorithm.Solver_Should.SolveCommonCases_3x3" classname="GaussAlgorithm.Solver_Should" runstate="Runnable" testcasecount="3" result="Passed" start-time="2023-03-29T19:10:30.7508754Z" end-time="2023-03-29T19:10:30.7510711Z" duration="0.000196" total="3" passed="3" failed="0" warnings="0" inconclusive="0" skipped="0" asserts="10">
          <test-case id="1018" name="SolveCommonCases_3x3(3,2,4,6,12,1,2,3,6,1,1,3,5)" fullname="GaussAlgorithm.Solver_Should.SolveCommonCases_3x3(3,2,4,6,12,1,2,3,6,1,1,3,5)" methodname="SolveCommonCases_3x3" classname="GaussAlgorithm.Solver_Should" runstate="Runnable" seed="548066523" result="Passed" start-time="2023-03-29T19:10:30.7508863Z" end-time="2023-03-29T19:10:30.7509937Z" duration="0.000107" asserts="3" />
          <test-case id="1019" name="SolveCommonCases_3x3(3,2,4,6,12,1,2,4,7,1,2,6,9)" fullname="GaussAlgorithm.Solver_Should.SolveCommonCases_3x3(3,2,4,6,12,1,2,4,7,1,2,6,9)" methodname="SolveCommonCases_3x3" classname="GaussAlgorithm.Solver_Should" runstate="Runnable" seed="1324237913" result="Passed" start-time="2023-03-29T19:10:30.7510029Z" end-time="2023-03-29T19:10:30.7510326Z" duration="0.000030" asserts="3" />
          <test-case id="1020" name="SolveCommonCases_3x3(3,1.0d,1.0d,3.0d,5,1.0d,3.0d,1.0d,5,1.0d,2.0d,6.0d,9,2.0d,4.0d,12.0d,18)" fullname="GaussAlgorithm.Solver_Should.SolveCommonCases_3x3(3,1.0d,1.0d,3.0d,5,1.0d,3.0d,1.0d,5,1.0d,2.0d,6.0d,9,2.0d,4.0d,12.0d,18)" methodname="SolveCommonCases_3x3" classname="GaussAlgorithm.Solver_Should" runstate="Runnable" seed="1275005630" result="Passed" start-time="2023-03-29T19:10:30.7510370Z" end-time="2023-03-29T19:10:30.7510656Z" duration="0.000029" asserts="4" />
        </test-suite>
        <test-suite type="ParameterizedMethod" id="1028" name="SolveRandomMatrix" fullname="GaussAlgorithm.Solver_Should.SolveRandomMatrix" classname="GaussAlgorithm.Solver_Should" runstate="Runnable" testcasecount="6" result="Passed" start-time="2023-03-29T19:10:30.7510763Z" end-time="2023-03-29T19:10:30.9392595Z" duration="0.188183" total="6" passed="6" failed="0" warnings="0" inconclusive="0" skipped="0" asserts="13500">
          <properties>
            <property name="Repeat" value="500" />
          </properties>
          <test-case id="1022" name="SolveRandomMatrix(2,2)" fullname="GaussAlgorithm.Solver_Should.SolveRandomMatrix(2,2)" methodname="SolveRandomMatrix" classname="GaussAlgorithm.Solver_Should" runstate="Runnable" seed="2069661465" result="Passed" start-time="2023-03-29T19:10:30.7510832Z" end-time="2023-03-29T19:10:30.7598999Z" duration="0.008817" asserts="1000" />
          <test-case id="1023" name="SolveRandomMatrix(3,3)" fullname="GaussAlgorithm.Solver_Should.SolveRandomMatrix(3,3)" methodname="SolveRandomMatrix" classname="GaussAlgorithm.Solver_Should" runstate="Runnable" seed="706765491" result="Passed" start-time="2023-03-29T19:10:30.7599307Z" end-time="2023-03-29T19:10:30.7733559Z" duration="0.013426" asserts="1500" />
          <test-case id="1024" name="SolveRandomMatrix(4,4)" fullname="GaussAlgorithm.Solver_Should.SolveRandomMatrix(4,4)" methodname="SolveRandomMatrix" classname="GaussAlgorithm.Solver_Should" runstate="Runnable" seed="1808806474" result="Passed" start-time="2023-03-29T19:10:30.7733808Z" end-time="2023-03-29T19:10:30.7920482Z" duration="0.018668" asserts="2000" />
          <test-case id="1025" name="SolveRandomMatrix(5,5)" fullname="GaussAlgorithm.Solver_Should.SolveRandomMatrix(5,5)" methodname="SolveRandomMatrix" classname="GaussAlgorithm.Solver_Should" runstate="Runnable" seed="1441829857" result="Passed" start-time="2023-03-29T19:10:30.7920737Z" end-time="2023-03-29T19:10:30.8177742Z" duration="0.025701" asserts="2500" />
          <test-case id="1026" name="SolveRandomMatrix(10,10)" fullname="GaussAlgorithm.Solver_Should.SolveRandomMatrix(10,10)" methodname="SolveRandomMatrix" classname="GaussAlgorithm.Solver_Should" runstate="Runnable" seed="1364849185" result="Passed" start-time="2023-03-29T19:10:30.8177922Z" end-time="2023-03-29T19:10:30.9237512Z" duration="0.105959" asserts="5000" />
          <test-case id="1027" name="SolveRandomMatrix(3,5)" fullname="GaussAlgorithm.Solver_Should.SolveRandomMatrix(3,5)" methodname="SolveRandomMatrix" classname="GaussAlgorithm.Solver_Should" runstate="Runnable" seed="83386809" result="Passed" start-time="2023-03-29T19:10:30.9237715Z" end-time="2023-03-29T19:10:30.9392359Z" duration="0.015465" asserts="1500" />
        </test-suite>
        <test-suite type="ParameterizedMethod" id="1032" name="ThrowsException_WhenNoSolution" fullname="GaussAlgorithm.Solver_Should.ThrowsException_WhenNoSolution" classname="GaussAlgorithm.Solver_Should" runstate="Runnable" testcasecount="3" result="Passed" start-time="2023-03-29T19:10:30.9392723Z" end-time="2023-03-29T19:10:31.0009145Z" duration="0.061642" total="3" passed="3" failed="0" warnings="0" inconclusive="0" skipped="0" asserts="3">
          <test-case id="1029" name="ThrowsException_WhenNoSolution(1,1,1,1,-1)" fullname="GaussAlgorithm.Solver_Should.ThrowsException_WhenNoSolution(1,1,1,1,-1)" methodname="ThrowsException_WhenNoSolution" classname="GaussAlgorithm.Solver_Should" runstate="Runnable" seed="1130544300" result="Passed" start-time="2023-03-29T19:10:30.9392902Z" end-time="2023-03-29T19:10:30.9662508Z" duration="0.026961" asserts="1" />
          <test-case id="1030" name="ThrowsException_WhenNoSolution(2,1,2,42,2,4,42)" fullname="GaussAlgorithm.Solver_Should.ThrowsException_WhenNoSolution(2,1,2,42,2,4,42)" methodname="ThrowsException_WhenNoSolution" classname="GaussAlgorithm.Solver_Should" runstate="Runnable" seed="587150927" result="Passed" start-time="2023-03-29T19:10:30.9662747Z" end-time="2023-03-29T19:10:30.9827897Z" duration="0.016516" asserts="1" />
          <test-case id="1031" name="ThrowsException_WhenNoSolution(3,2,4,6,12,1,2,3,6,1,2,3,7,1,1,3,5)" fullname="GaussAlgorithm.Solver_Should.ThrowsException_WhenNoSolution(3,2,4,6,12,1,2,3,6,1,2,3,7,1,1,3,5)" methodname="ThrowsException_WhenNoSolution" classname="GaussAlgorithm.Solver_Should" runstate="Runnable" seed="315192277" result="Passed" start-time="2023-03-29T19:10:30.9828138Z" end-time="2023-03-29T19:10:31.0008862Z" duration="0.018073" asserts="1" />
        </test-suite>
        <test-suite type="ParameterizedMethod" id="1038" name="ThrowsException_WhenNoSolutionOnRandomMatrix" fullname="GaussAlgorithm.Solver_Should.ThrowsException_WhenNoSolutionOnRandomMatrix" classname="GaussAlgorithm.Solver_Should" runstate="Runnable" testcasecount="5" result="Passed" start-time="2023-03-29T19:10:31.0009413Z" end-time="2023-03-29T19:10:31.0880738Z" duration="0.087132" total="5" passed="5" failed="0" warnings="0" inconclusive="0" skipped="0" asserts="5">
          <test-case id="1033" name="ThrowsException_WhenNoSolutionOnRandomMatrix(10)" fullname="GaussAlgorithm.Solver_Should.ThrowsException_WhenNoSolutionOnRandomMatrix(10)" methodname="ThrowsException_WhenNoSolutionOnRandomMatrix" classname="GaussAlgorithm.Solver_Should" runstate="Runnable" seed="1538577706" result="Passed" start-time="2023-03-29T19:10:31.0009752Z" end-time="2023-03-29T19:10:31.0207656Z" duration="0.019791" asserts="1" />
          <test-case id="1034" name="ThrowsException_WhenNoSolutionOnRandomMatrix(5)" fullname="GaussAlgorithm.Solver_Should.ThrowsException_WhenNoSolutionOnRandomMatrix(5)" methodname="ThrowsException_WhenNoSolutionOnRandomMatrix" classname="GaussAlgorithm.Solver_Should" runstate="Runnable" seed="512872589" result="Passed" start-time="2023-03-29T19:10:31.0208012Z" end-time="2023-03-29T19:10:31.0405504Z" duration="0.019750" asserts="1" />
          <test-case id="1035" name="ThrowsException_WhenNoSolutionOnRandomMatrix(4)" fullname="GaussAlgorithm.Solver_Should.ThrowsException_WhenNoSolutionOnRandomMatrix(4)" methodname="ThrowsException_WhenNoSolutionOnRandomMatrix" classname="GaussAlgorithm.Solver_Should" runstate="Runnable" seed="450455194" result="Passed" start-time="2023-03-29T19:10:31.0405799Z" end-time="2023-03-29T19:10:31.0569588Z" duration="0.016379" asserts="1" />
          <test-case id="1036" name="ThrowsException_WhenNoSolutionOnRandomMatrix(3)" fullname="GaussAlgorithm.Solver_Should.ThrowsException_WhenNoSolutionOnRandomMatrix(3)" methodname="ThrowsException_WhenNoSolutionOnRandomMatrix" classname="GaussAlgorithm.Solver_Should" runstate="Runnable" seed="554066059" result="Passed" start-time="2023-03-29T19:10:31.0569836Z" end-time="2023-03-29T19:10:31.0714749Z" duration="0.014492" asserts="1" />
          <test-case id="1037" name="ThrowsException_WhenNoSolutionOnRandomMatrix(2)" fullname="GaussAlgorithm.Solver_Should.ThrowsException_WhenNoSolutionOnRandomMatrix(2)" methodname="ThrowsException_WhenNoSolutionOnRandomMatrix" classname="GaussAlgorithm.Solver_Should" runstate="Runnable" seed="272681890" result="Passed" start-time="2023-03-29T19:10:31.0715097Z" end-time="2023-03-29T19:10:31.0880480Z" duration="0.016539" asserts="1" />
        </test-suite>
      </test-suite>
    </test-suite>
  </test-suite>
</test-run>